d:\c++test\qttest2\netdemo\netdemo\x64\release\mstring.obj
d:\c++test\qttest2\netdemo\netdemo\x64\release\ui_netdemo.obj
d:\c++test\qttest2\netdemo\netdemo\x64\release\hkipcamera.obj
d:\c++test\qttest2\netdemo\netdemo\x64\release\netthread.obj
d:\c++test\qttest2\netdemo\netdemo\x64\release\camerathread.obj
d:\c++test\qttest2\netdemo\netdemo\x64\release\netdemo.obj
d:\c++test\qttest2\netdemo\netdemo\x64\release\main.obj
d:\c++test\qttest2\netdemo\netdemo\x64\release\qrc_netdemo.obj
d:\c++test\qttest2\netdemo\netdemo\x64\release\moc_netdemo.obj
d:\c++test\qttest2\netdemo\netdemo\x64\release\moc_camerathread.obj
d:\c++test\qttest2\netdemo\netdemo\x64\release\moc_netthread.obj
d:\c++test\qttest2\netdemo\x64\release\netdemo.exe
d:\c++test\qttest2\netdemo\netdemo\x64\release\\moc\moc_netdemo.cpp
d:\c++test\qttest2\netdemo\netdemo\x64\release\\moc\moc_camerathread.cpp
d:\c++test\qttest2\netdemo\netdemo\x64\release\\moc\moc_netthread.cpp
d:\c++test\qttest2\netdemo\netdemo\x64\release\rcc\qrc_netdemo.cpp
d:\c++test\qttest2\netdemo\netdemo\x64\release\moc\moc_netdemo.cpp
d:\c++test\qttest2\netdemo\netdemo\x64\release\moc\moc_camerathread.cpp
d:\c++test\qttest2\netdemo\netdemo\x64\release\moc\moc_netthread.cpp
d:\c++test\qttest2\netdemo\netdemo\x64\release\netdemo.res
d:\c++test\qttest2\netdemo\netdemo\x64\release\\rcc\qrc_netdemo.cpp
d:\c++test\qttest2\netdemo\netdemo\x64\release\netdemo.tlog\cl.command.1.tlog
d:\c++test\qttest2\netdemo\netdemo\x64\release\netdemo.tlog\cl.read.1.tlog
d:\c++test\qttest2\netdemo\netdemo\x64\release\netdemo.tlog\cl.write.1.tlog
d:\c++test\qttest2\netdemo\netdemo\x64\release\netdemo.tlog\link.command.1.tlog
d:\c++test\qttest2\netdemo\netdemo\x64\release\netdemo.tlog\link.read.1.tlog
d:\c++test\qttest2\netdemo\netdemo\x64\release\netdemo.tlog\link.write.1.tlog
d:\c++test\qttest2\netdemo\netdemo\x64\release\netdemo.tlog\moc.read.1u.tlog
d:\c++test\qttest2\netdemo\netdemo\x64\release\netdemo.tlog\moc.write.1u.tlog
d:\c++test\qttest2\netdemo\netdemo\x64\release\netdemo.tlog\netdemo.write.1u.tlog
d:\c++test\qttest2\netdemo\netdemo\x64\release\netdemo.tlog\rc.command.1.tlog
d:\c++test\qttest2\netdemo\netdemo\x64\release\netdemo.tlog\rc.read.1.tlog
d:\c++test\qttest2\netdemo\netdemo\x64\release\netdemo.tlog\rc.write.1.tlog
d:\c++test\qttest2\netdemo\netdemo\x64\release\netdemo.tlog\rcc.read.1u.tlog
d:\c++test\qttest2\netdemo\netdemo\x64\release\netdemo.tlog\rcc.write.1u.tlog
